INFO:  ANSI Code Page: 936
INFO:  latexindent.exe version 3.24.4, 2024-07-18, a script to indent .tex files
       latexindent.exe lives here: D:/Program/Latex/texlive/2025/bin/windows/
       Sat May 31 21:21:58 2025
       Filename: e:/Latex/Law_RAG/sec/__latexindent_temp_1_introduction.tex
INFO:  Processing switches:
       -y|--yaml: YAML settings specified via command line
       -c|--cruft: cruft directory
INFO:  Directory for backup files and log file e:\Latex\Law_RAG\indent.log:
       e:\Latex\Law_RAG\
INFO:  YAML settings read: defaultSettings.yaml
       Reading defaultSettings.yaml from D:/Program/Latex/texlive/2025/bin/windows/defaultSettings.yaml
       Reading defaultSettings.yaml (2nd attempt) from D:/Program/Latex/texlive/2025/bin/windows/../../texmf-dist/scripts/latexindent/defaultSettings.yaml
       and then, if necessary, D:/Program/Latex/texlive/2025/bin/windows/LatexIndent/defaultSettings.yaml
INFO:  YAML reading settings
       Home directory is C:\Users\24055
       latexindent.pl didn't find indentconfig.yaml or .indentconfig.yaml
       see all possible locations: https://latexindentpl.readthedocs.io/en/latest/sec-appendices.html#indentconfig-options)
INFO:  YAML settings read: -y switch
       YAML setting: defaultIndent:'    '
       single-quoted string found in -y switch: '    ', substitute to     
       Updating mainSettings with defaultIndent:     
INFO:  Phase 1: searching for objects
INFO:  Phase 2: finding surrounding indentation
INFO:  Phase 3: indenting objects
INFO:  Phase 4: final indentation check
INFO:  Output routine:
       Not outputting to file; see -w and -o switches for more options.
       --------------
INFO:  Please direct all communication/issues to:
        https://github.com/cmhughes/latexindent.pl
